<?xml version="1.0" encoding="UTF-8" ?>
<testsuite failures="1" time="0.322" errors="0" skipped="0" tests="1" name="net.juancarlosfernandez.helloworld.concordion.FeatureTest">
  <properties>
    <property name="java.runtime.name" value="Java(TM) SE Runtime Environment"/>
    <property name="sun.boot.library.path" value="/opt/java/jdk1.6.0_20/jre/lib/i386"/>
    <property name="java.vm.version" value="16.3-b01"/>
    <property name="java.vm.vendor" value="Sun Microsystems Inc."/>
    <property name="java.vendor.url" value="http://java.sun.com/"/>
    <property name="path.separator" value=":"/>
    <property name="java.vm.name" value="Java HotSpot(TM) Server VM"/>
    <property name="file.encoding.pkg" value="sun.io"/>
    <property name="user.country" value="ES"/>
    <property name="sun.java.launcher" value="SUN_STANDARD"/>
    <property name="sun.os.patch.level" value="unknown"/>
    <property name="java.vm.specification.name" value="Java Virtual Machine Specification"/>
    <property name="user.dir" value="/opt/dev/jkHelloWorld/concordion"/>
    <property name="java.runtime.version" value="1.6.0_20-b02"/>
    <property name="java.awt.graphicsenv" value="sun.awt.X11GraphicsEnvironment"/>
    <property name="basedir" value="/opt/dev/jkHelloWorld/concordion"/>
    <property name="java.endorsed.dirs" value="/opt/java/jdk1.6.0_20/jre/lib/endorsed"/>
    <property name="os.arch" value="i386"/>
    <property name="surefire.real.class.path" value="/tmp/surefirebooter8104792528353979591.jar"/>
    <property name="java.io.tmpdir" value="/tmp"/>
    <property name="line.separator" value="
"/>
    <property name="java.vm.specification.vendor" value="Sun Microsystems Inc."/>
    <property name="os.name" value="Linux"/>
    <property name="sun.jnu.encoding" value="UTF-8"/>
    <property name="java.library.path" value="/opt/java/jdk1.6.0_20/jre/lib/i386/server:/opt/java/jdk1.6.0_20/jre/lib/i386:/opt/java/jdk1.6.0_20/jre/../lib/i386:/usr/java/packages/lib/i386:/lib:/usr/lib"/>
    <property name="surefire.test.class.path" value="/opt/dev/jkHelloWorld/concordion/target/test-classes:/opt/dev/jkHelloWorld/concordion/target/classes:/home/juancarlosf/.m2/repository/org/concordion/concordion/1.4.1/concordion-1.4.1.jar:/home/juancarlosf/.m2/repository/junit/junit-dep/4.8.2/junit-dep-4.8.2.jar:/home/juancarlosf/.m2/repository/org/hamcrest/hamcrest-core/1.1/hamcrest-core-1.1.jar:/home/juancarlosf/.m2/repository/ognl/ognl/2.6.9/ognl-2.6.9.jar:/home/juancarlosf/.m2/repository/xom/xom/1.2.5/xom-1.2.5.jar:/home/juancarlosf/.m2/repository/xml-apis/xml-apis/1.3.03/xml-apis-1.3.03.jar:/home/juancarlosf/.m2/repository/junit/junit/4.8.2/junit-4.8.2.jar:"/>
    <property name="java.specification.name" value="Java Platform API Specification"/>
    <property name="java.class.version" value="50.0"/>
    <property name="sun.management.compiler" value="HotSpot Tiered Compilers"/>
    <property name="os.version" value="2.6.35-24-generic"/>
    <property name="user.home" value="/home/juancarlosf"/>
    <property name="user.timezone" value="Europe/Madrid"/>
    <property name="java.awt.printerjob" value="sun.print.PSPrinterJob"/>
    <property name="file.encoding" value="UTF-8"/>
    <property name="java.specification.version" value="1.6"/>
    <property name="user.name" value="juancarlosf"/>
    <property name="java.class.path" value="/opt/dev/jkHelloWorld/concordion/target/test-classes:/opt/dev/jkHelloWorld/concordion/target/classes:/home/juancarlosf/.m2/repository/org/concordion/concordion/1.4.1/concordion-1.4.1.jar:/home/juancarlosf/.m2/repository/junit/junit-dep/4.8.2/junit-dep-4.8.2.jar:/home/juancarlosf/.m2/repository/org/hamcrest/hamcrest-core/1.1/hamcrest-core-1.1.jar:/home/juancarlosf/.m2/repository/ognl/ognl/2.6.9/ognl-2.6.9.jar:/home/juancarlosf/.m2/repository/xom/xom/1.2.5/xom-1.2.5.jar:/home/juancarlosf/.m2/repository/xml-apis/xml-apis/1.3.03/xml-apis-1.3.03.jar:/home/juancarlosf/.m2/repository/junit/junit/4.8.2/junit-4.8.2.jar:"/>
    <property name="concordion.output.dir" value="target/concordion"/>
    <property name="java.vm.specification.version" value="1.0"/>
    <property name="sun.arch.data.model" value="32"/>
    <property name="java.home" value="/opt/java/jdk1.6.0_20/jre"/>
    <property name="java.specification.vendor" value="Sun Microsystems Inc."/>
    <property name="user.language" value="es"/>
    <property name="java.vm.info" value="mixed mode"/>
    <property name="java.version" value="1.6.0_20"/>
    <property name="java.ext.dirs" value="/opt/java/jdk1.6.0_20/jre/lib/ext:/usr/java/packages/lib/ext"/>
    <property name="sun.boot.class.path" value="/opt/java/jdk1.6.0_20/jre/lib/resources.jar:/opt/java/jdk1.6.0_20/jre/lib/rt.jar:/opt/java/jdk1.6.0_20/jre/lib/sunrsasign.jar:/opt/java/jdk1.6.0_20/jre/lib/jsse.jar:/opt/java/jdk1.6.0_20/jre/lib/jce.jar:/opt/java/jdk1.6.0_20/jre/lib/charsets.jar:/opt/java/jdk1.6.0_20/jre/classes"/>
    <property name="java.vendor" value="Sun Microsystems Inc."/>
    <property name="localRepository" value="/home/juancarlosf/.m2/repository"/>
    <property name="file.separator" value="/"/>
    <property name="java.vendor.url.bug" value="http://java.sun.com/cgi-bin/bugreport.cgi"/>
    <property name="sun.cpu.endian" value="little"/>
    <property name="sun.io.unicode.encoding" value="UnicodeLittle"/>
    <property name="sun.desktop" value="gnome"/>
    <property name="sun.cpu.isalist" value=""/>
  </properties>
  <testcase time="0.221" classname="net.juancarlosfernandez.helloworld.concordion.FeatureTest" name="[Concordion Specification for &apos;Feature&apos;]">
    <failure message="Specification has failure(s). See output HTML for details." type="java.lang.AssertionError">java.lang.AssertionError: Specification has failure(s). See output HTML for details.
	at org.concordion.internal.FixtureState$3.assertIsSatisfied(FixtureState.java:60)
	at org.concordion.internal.SummarizingResultRecorder.assertIsSatisfied(SummarizingResultRecorder.java:27)
	at org.concordion.internal.FixtureRunner.run(FixtureRunner.java:17)
	at org.concordion.integration.junit4.ConcordionRunner$1.evaluate(ConcordionRunner.java:113)
	at org.junit.runners.BlockJUnit4ClassRunner.runNotIgnored(BlockJUnit4ClassRunner.java:79)
	at org.junit.runners.BlockJUnit4ClassRunner.runChild(BlockJUnit4ClassRunner.java:71)
	at org.concordion.integration.junit4.ConcordionRunner.runChild(ConcordionRunner.java:104)
	at org.concordion.integration.junit4.ConcordionRunner.runChild(ConcordionRunner.java:18)
	at org.junit.runners.ParentRunner$3.run(ParentRunner.java:193)
	at org.junit.runners.ParentRunner$1.schedule(ParentRunner.java:52)
	at org.junit.runners.ParentRunner.runChildren(ParentRunner.java:191)
	at org.junit.runners.ParentRunner.access$000(ParentRunner.java:42)
	at org.junit.runners.ParentRunner$2.evaluate(ParentRunner.java:184)
	at org.junit.runners.ParentRunner.run(ParentRunner.java:236)
	at org.apache.maven.surefire.junit4.JUnit4TestSet.execute(JUnit4TestSet.java:59)
	at org.apache.maven.surefire.suite.AbstractDirectoryTestSuite.executeTestSet(AbstractDirectoryTestSuite.java:115)
	at org.apache.maven.surefire.suite.AbstractDirectoryTestSuite.execute(AbstractDirectoryTestSuite.java:102)
	at org.apache.maven.surefire.Surefire.run(Surefire.java:180)
	at sun.reflect.NativeMethodAccessorImpl.invoke0(Native Method)
	at sun.reflect.NativeMethodAccessorImpl.invoke(NativeMethodAccessorImpl.java:39)
	at sun.reflect.DelegatingMethodAccessorImpl.invoke(DelegatingMethodAccessorImpl.java:25)
	at java.lang.reflect.Method.invoke(Method.java:597)
	at org.apache.maven.surefire.booter.SurefireBooter.runSuitesInProcess(SurefireBooter.java:350)
	at org.apache.maven.surefire.booter.SurefireBooter.main(SurefireBooter.java:1021)
</failure>
    <system-out>/opt/dev/jkHelloWorld/concordion/target/concordion/net/juancarlosfernandez/helloworld/concordion/Feature.html
Successes: 0, Failures: 1

</system-out>
  </testcase>
</testsuite>